[MFLOG|0|2024-11-14T18:25:43.138117Z|runtime|cb2b21b1-2d9a-4cae-953e-1072489ec935]<flow Training step transform> failed:
[MFLOG|0|2024-11-14T18:25:43.151678Z|runtime|004b94c4-666b-469f-bcfd-2fe02d312847]    Internal error
[MFLOG|0|2024-11-14T18:25:43.155664Z|runtime|7c74032f-5674-400c-a432-7d6ef4ca0367]Traceback (most recent call last):
[MFLOG|0|2024-11-14T18:25:43.155790Z|runtime|ce0eca9d-8f9e-4178-bd21-54ae122163a1]  File "/Users/gabriel/micromamba/envs/metaflow/osx-arm64/e472752e21dbe09/lib/python3.12/site-packages/sklearn/utils/_indexing.py", line 338, in _get_column_indices
[MFLOG|0|2024-11-14T18:25:43.155880Z|runtime|cc48314c-55bc-45e2-9a08-2d0c42e78f4e]    all_columns = X.columns
[MFLOG|0|2024-11-14T18:25:43.155934Z|runtime|0c69c823-76de-45fe-8899-ae2876990108]                  ^^^^^^^^^
[MFLOG|0|2024-11-14T18:25:43.155986Z|runtime|4a0e5476-d4c9-4291-b569-cd5c91e18204]AttributeError: 'numpy.ndarray' object has no attribute 'columns'
[MFLOG|0|2024-11-14T18:25:43.156031Z|runtime|e1e65e33-408d-4ce4-a265-f1f4705488da]
[MFLOG|0|2024-11-14T18:25:43.156074Z|runtime|a49e09af-0f87-493d-8fad-5bfbb3fdff15]During handling of the above exception, another exception occurred:
[MFLOG|0|2024-11-14T18:25:43.156119Z|runtime|ab3e73fe-7e3c-4cb4-879a-28ead187c4cf]
[MFLOG|0|2024-11-14T18:25:43.156157Z|runtime|b788ed80-cbbc-4823-ba9e-53231da8d88c]Traceback (most recent call last):
[MFLOG|0|2024-11-14T18:25:43.156196Z|runtime|16d0777a-bdc6-406c-8d00-31410fd3a808]  File "/tmp/tmp1mt59cr1/metaflow/cli.py", line 1166, in main
[MFLOG|0|2024-11-14T18:25:43.156234Z|runtime|b6571dae-6f0c-4109-9565-61a9c81d16fe]    start(auto_envvar_prefix="METAFLOW", obj=state)
[MFLOG|0|2024-11-14T18:25:43.156273Z|runtime|3a54dc8d-fe2e-430f-b78e-fa55eb67adef]  File "/tmp/tmp1mt59cr1/metaflow/tracing/__init__.py", line 27, in wrapper_func
[MFLOG|0|2024-11-14T18:25:43.156313Z|runtime|39381a25-6d6b-412e-be85-3ba17da26962]    return func(args, kwargs)
[MFLOG|0|2024-11-14T18:25:43.338215Z|runtime|9cd34ca0-5a24-457f-9b12-09007d3f4ad1]           ^^^^^^^^^^^^^^^^^^^^^
[MFLOG|0|2024-11-14T18:25:43.338438Z|runtime|f2368184-14e1-4dcb-876b-4680b28d1d07]  File "/tmp/tmp1mt59cr1/metaflow/_vendor/click/core.py", line 829, in __call__
[MFLOG|0|2024-11-14T18:25:43.338489Z|runtime|3f2c37b9-a0a1-4d7a-a69a-4ac5a1e20502]    return self.main(args, kwargs)
[MFLOG|0|2024-11-14T18:25:43.338526Z|runtime|26589ff8-4baf-4f70-86e6-1e026c02a3aa]           ^^^^^^^^^^^^^^^^^^^^^^^^^^
[MFLOG|0|2024-11-14T18:25:43.338560Z|runtime|9cc1de23-f2aa-4298-b8a7-cd5b29d974a7]  File "/tmp/tmp1mt59cr1/metaflow/_vendor/click/core.py", line 782, in main
[MFLOG|0|2024-11-14T18:25:43.338594Z|runtime|5bfb48f2-a025-4d15-8194-3ef044fa2ae0]    rv = self.invoke(ctx)
[MFLOG|0|2024-11-14T18:25:43.338626Z|runtime|ac293d22-283c-4a3c-b449-398aa63daf51]         ^^^^^^^^^^^^^^^^
[MFLOG|0|2024-11-14T18:25:43.338658Z|runtime|d30bff9b-0140-4a4a-b26a-2b144fc743ec]  File "/tmp/tmp1mt59cr1/metaflow/_vendor/click/core.py", line 1259, in invoke
[MFLOG|0|2024-11-14T18:25:43.338688Z|runtime|fc24c872-216c-445a-951b-74bbd5da0289]    return _process_result(sub_ctx.command.invoke(sub_ctx))
[MFLOG|0|2024-11-14T18:25:43.338717Z|runtime|c54544e0-d55f-493a-aa08-81aef81eeb48]                           ^^^^^^^^^^^^^^^^^^^^^^^^^^^^^^^
[MFLOG|0|2024-11-14T18:25:43.338746Z|runtime|d8373111-c1ee-4f65-8bdb-be08a4d66578]  File "/tmp/tmp1mt59cr1/metaflow/_vendor/click/core.py", line 1066, in invoke
[MFLOG|0|2024-11-14T18:25:43.338775Z|runtime|9db11f1d-7121-4586-902f-d685b5886e21]    return ctx.invoke(self.callback, ctx.params)
[MFLOG|0|2024-11-14T18:25:43.338804Z|runtime|ade3c774-a976-4e24-9e01-550c1cdb2f1f]           ^^^^^^^^^^^^^^^^^^^^^^^^^^^^^^^^^^^^^^^
[MFLOG|0|2024-11-14T18:25:43.338833Z|runtime|66f56aca-8688-4d87-adb9-7cf5a4cf46b2]  File "/tmp/tmp1mt59cr1/metaflow/_vendor/click/core.py", line 610, in invoke
[MFLOG|0|2024-11-14T18:25:43.338863Z|runtime|15247f78-b9e5-496d-acf2-b17ab96fbdd5]    return callback(args, kwargs)
[MFLOG|0|2024-11-14T18:25:43.338892Z|runtime|f4fd6430-d88a-4ce2-9233-8f420507c760]           ^^^^^^^^^^^^^^^^^^^^^^^^^
[MFLOG|0|2024-11-14T18:25:43.338920Z|runtime|1dae0c92-ac3a-43ea-a3a6-eb4ee7678c4d]  File "/tmp/tmp1mt59cr1/metaflow/_vendor/click/decorators.py", line 21, in new_func
[MFLOG|0|2024-11-14T18:25:43.338948Z|runtime|44588055-4a9e-45b6-be27-5eb4ec238155]    return f(get_current_context(), args, kwargs)
[MFLOG|0|2024-11-14T18:25:43.338976Z|runtime|69469c2d-a75c-4b40-a31c-4bd46b8ab98d]           ^^^^^^^^^^^^^^^^^^^^^^^^^^^^^^^^^^^^^^^^^
[MFLOG|0|2024-11-14T18:25:43.339005Z|runtime|ff3c5789-dc89-46db-8719-484278460543]  File "/tmp/tmp1mt59cr1/metaflow/cli.py", line 469, in step
[MFLOG|0|2024-11-14T18:25:43.339070Z|runtime|4c65a87c-faef-4e46-b212-8ebd0898b564]    task.run_step(
[MFLOG|0|2024-11-14T18:25:43.339144Z|runtime|4d07c13f-9f2e-492c-bc1b-f33fbbb29503]  File "/tmp/tmp1mt59cr1/metaflow/task.py", line 653, in run_step
[MFLOG|0|2024-11-14T18:25:43.339185Z|runtime|de3619b3-6d52-4137-a94f-88a101a407fa]    self._exec_step_function(step_func)
[MFLOG|0|2024-11-14T18:25:43.339219Z|runtime|f3966d0e-2b4b-4ce8-8516-1f27419ad55c]  File "/tmp/tmp1mt59cr1/metaflow/task.py", line 62, in _exec_step_function
[MFLOG|0|2024-11-14T18:25:43.339252Z|runtime|884ce675-682c-4716-86ef-9e3560ec8c6c]    step_function()
[MFLOG|0|2024-11-14T18:25:43.339283Z|runtime|4429d75a-b5ff-4cb9-9d5c-bec9a5531c85]  File "/Users/gabriel/Documents/ML_school/ml.school.opensource/kaggle/code/training.py", line 159, in transform
[MFLOG|0|2024-11-14T18:25:43.339314Z|runtime|d7e7cba3-bfaf-4052-9919-fd5b51440898]    self.target_transformer.fit_transform(
[MFLOG|0|2024-11-14T18:25:43.339345Z|runtime|6194fb9d-2fde-4a8a-8fd5-11946dbb660a]  File "/Users/gabriel/micromamba/envs/metaflow/osx-arm64/e472752e21dbe09/lib/python3.12/site-packages/sklearn/utils/_set_output.py", line 316, in wrapped
[MFLOG|0|2024-11-14T18:25:43.339382Z|runtime|cb6d8bc6-c754-475b-b928-9f2cfbfa4320]    data_to_wrap = f(self, X, args, kwargs)
[MFLOG|0|2024-11-14T18:25:43.339413Z|runtime|ab7dfb2e-d5d4-4d7f-af4a-b4476bac1d74]                   ^^^^^^^^^^^^^^^^^^^^^^^^^^^
[MFLOG|0|2024-11-14T18:25:43.339443Z|runtime|e680b68a-9824-4162-887b-ff127a8f403f]  File "/Users/gabriel/micromamba/envs/metaflow/osx-arm64/e472752e21dbe09/lib/python3.12/site-packages/sklearn/base.py", line 1473, in wrapper
[MFLOG|0|2024-11-14T18:25:43.339473Z|runtime|0c9a8d15-57b3-4110-ad77-9e42f60338a7]    return fit_method(estimator, args, kwargs)
[MFLOG|0|2024-11-14T18:25:43.339503Z|runtime|99a343dd-d61b-4483-ad86-2fff8c3046c6]           ^^^^^^^^^^^^^^^^^^^^^^^^^^^^^^^^^^^^^^
[MFLOG|0|2024-11-14T18:25:43.339532Z|runtime|892f6822-be6c-491c-92b8-574864481f96]  File "/Users/gabriel/micromamba/envs/metaflow/osx-arm64/e472752e21dbe09/lib/python3.12/site-packages/sklearn/compose/_column_transformer.py", line 968, in fit_transform
[MFLOG|0|2024-11-14T18:25:43.339563Z|runtime|6819acf1-2b69-4739-9182-8166d1367961]    self._validate_column_callables(X)
[MFLOG|0|2024-11-14T18:25:43.339591Z|runtime|59cc9fdc-371e-4e04-97c4-df60c5d495a7]  File "/Users/gabriel/micromamba/envs/metaflow/osx-arm64/e472752e21dbe09/lib/python3.12/site-packages/sklearn/compose/_column_transformer.py", line 536, in _validate_column_callables
[MFLOG|0|2024-11-14T18:25:43.339625Z|runtime|d46ecafd-f7e7-4788-8ec5-dd52f21223b1]    transformer_to_input_indices[name] = _get_column_indices(X, columns)
[MFLOG|0|2024-11-14T18:25:43.339654Z|runtime|ff20f63b-3f11-4d11-935d-bd818ddf95b9]                                         ^^^^^^^^^^^^^^^^^^^^^^^^^^^^^^^
[MFLOG|0|2024-11-14T18:25:43.339682Z|runtime|11f9c054-a466-473a-94a8-ab62415b8fbe]  File "/Users/gabriel/micromamba/envs/metaflow/osx-arm64/e472752e21dbe09/lib/python3.12/site-packages/sklearn/utils/_indexing.py", line 340, in _get_column_indices
[MFLOG|0|2024-11-14T18:25:43.339711Z|runtime|03284fa9-bebe-479c-ba9c-ac86928eb758]    raise ValueError(
[MFLOG|0|2024-11-14T18:25:43.339740Z|runtime|8aaf7c38-e3a8-406f-b6d3-4835caffa38e]ValueError: Specifying the columns using strings is only supported for dataframes.
[MFLOG|0|2024-11-14T18:25:43.339769Z|runtime|c2c4b4a0-0c7f-4c5f-a83b-f5128a7f89c5]
[MFLOG|0|2024-11-14T18:25:43.340349Z|runtime|af708056-975f-4393-901d-51eff40f7c23]Task failed.